\BOOKMARK [1][-]{section.1}{Introduction}{}% 1
\BOOKMARK [2][-]{subsection.1.1}{Astronomy}{section.1}% 2
\BOOKMARK [3][-]{subsubsection.1.1.1}{Light curves}{subsection.1.1}% 3
\BOOKMARK [3][-]{subsubsection.1.1.2}{Supernovae}{subsection.1.1}% 4
\BOOKMARK [2][-]{subsection.1.2}{LSST}{section.1}% 5
\BOOKMARK [1][-]{section.2}{Problem description}{}% 6
\BOOKMARK [1][-]{section.3}{Project Background}{}% 7
\BOOKMARK [2][-]{subsection.3.1}{Diego's thesis - 2018-10}{section.3}% 8
\BOOKMARK [2][-]{subsection.3.2}{research internship?? No se como ponerle a esto 2018-2}{section.3}% 9
\BOOKMARK [3][-]{subsubsection.3.2.1}{Improvement on Diego's work}{subsection.3.2}% 10
\BOOKMARK [3][-]{subsubsection.3.2.2}{PLAsTiCC - Kaggle competition}{subsection.3.2}% 11
\BOOKMARK [1][-]{section.4}{General objective}{}% 12
\BOOKMARK [1][-]{section.5}{Specific objectives}{}% 13
\BOOKMARK [2][-]{subsection.5.1}{Improvement of the light curve feature space}{section.5}% 14
\BOOKMARK [3][-]{subsubsection.5.1.1}{Feature pruning}{subsection.5.1}% 15
\BOOKMARK [3][-]{subsubsection.5.1.2}{Addition of supernovae specific metrics}{subsection.5.1}% 16
\BOOKMARK [2][-]{subsection.5.2}{Deep learning on light curves}{section.5}% 17
\BOOKMARK [2][-]{subsection.5.3}{Deep learning on images}{section.5}% 18
\BOOKMARK [3][-]{subsubsection.5.3.1}{CNNs}{subsection.5.3}% 19
\BOOKMARK [3][-]{subsubsection.5.3.2}{CNNs and RNNs}{subsection.5.3}% 20
\BOOKMARK [1][-]{section.6}{Activities and schedule}{}% 21
\BOOKMARK [1][-]{section.7}{Expected results}{}% 22
